{
  "RSpec": {
    "coverage": {
      "/Users/student/Projects/Bank_Tech_Test/spec/feature/statement_spec.rb": [
        1,
        1,
        null,
        1,
        1,
        1,
        1,
        1,
        1,
        1,
        null,
        1,
        2,
        null,
        null
      ],
      "/Users/student/Projects/Bank_Tech_Test/lib/bank.rb": [
        1,
        null,
        1,
        1,
        4,
        null,
        null,
        1,
        5,
        5,
        null,
        null,
        1,
        3,
        null,
        null,
        1,
        1,
        null,
        null,
        1,
        2,
        null,
        null
      ],
      "/Users/student/Projects/Bank_Tech_Test/lib/display.rb": [
        1,
        1,
        3,
        3,
        3,
        3,
        5,
        5,
        20,
        null,
        5,
        null,
        3,
        null,
        null
      ],
      "/Users/student/Projects/Bank_Tech_Test/lib/account.rb": [
        1,
        null,
        1,
        1,
        12,
        12,
        null,
        null,
        null,
        1,
        9,
        9,
        9,
        null,
        null,
        1,
        4,
        4,
        4,
        null,
        null
      ],
      "/Users/student/Projects/Bank_Tech_Test/spec/unit/account_spec.rb": [
        1,
        null,
        1,
        1,
        7,
        null,
        1,
        1,
        null,
        null,
        1,
        1,
        1,
        1,
        null,
        null,
        1,
        1,
        1,
        null,
        null,
        1,
        1,
        1,
        null,
        null,
        null,
        1,
        1,
        3,
        null,
        null,
        1,
        1,
        null,
        1,
        null,
        1,
        null,
        null,
        1,
        1,
        null,
        1,
        null,
        1,
        null,
        null,
        1,
        1,
        null,
        1,
        null,
        1,
        null,
        null,
        null,
        null
      ],
      "/Users/student/Projects/Bank_Tech_Test/spec/unit/bank_spec.rb": [
        1,
        1,
        null,
        1,
        3,
        null,
        null,
        1,
        1,
        null,
        null,
        1,
        1,
        1,
        null,
        null,
        1,
        1,
        1,
        2,
        null,
        null,
        null,
        null
      ],
      "/Users/student/Projects/Bank_Tech_Test/spec/unit/display_spec.rb": [
        1,
        null,
        1,
        1,
        1,
        1,
        1,
        null,
        null
      ]
    },
    "timestamp": 1554810183
  }
}
